<?xml version="1.0" encoding="UTF-8"?>
<testsuites>
  <testsuite name="/Users/jadebyurei/Desktop/refynd-app/phpunit.xml" tests="6" assertions="9" errors="0" failures="0" skipped="0" time="0.005574">
    <testsuite name="Feature" tests="3" assertions="3" errors="0" failures="0" skipped="0" time="0.004258">
      <testsuite name="Tests\Feature\HomePageTest" file="/Users/jadebyurei/Desktop/refynd-app/tests/Feature/HomePageTest.php" tests="3" assertions="3" errors="0" failures="0" skipped="0" time="0.004258">
        <testcase name="test_contact_form_validation" file="/Users/jadebyurei/Desktop/refynd-app/tests/Feature/HomePageTest.php" line="22" class="Tests\Feature\HomePageTest" classname="Tests.Feature.HomePageTest" assertions="1" time="0.003779"/>
        <testcase name="test_home_page_loads" file="/Users/jadebyurei/Desktop/refynd-app/tests/Feature/HomePageTest.php" line="9" class="Tests\Feature\HomePageTest" classname="Tests.Feature.HomePageTest" assertions="1" time="0.000278"/>
        <testcase name="test_about_page_loads" file="/Users/jadebyurei/Desktop/refynd-app/tests/Feature/HomePageTest.php" line="16" class="Tests\Feature\HomePageTest" classname="Tests.Feature.HomePageTest" assertions="1" time="0.000200"/>
      </testsuite>
    </testsuite>
    <testsuite name="Unit" tests="3" assertions="6" errors="0" failures="0" skipped="0" time="0.001316">
      <testsuite name="Tests\Unit\UserTest" file="/Users/jadebyurei/Desktop/refynd-app/tests/Unit/UserTest.php" tests="3" assertions="6" errors="0" failures="0" skipped="0" time="0.001316">
        <testcase name="test_user_verification_status" file="/Users/jadebyurei/Desktop/refynd-app/tests/Unit/UserTest.php" line="30" class="Tests\Unit\UserTest" classname="Tests.Unit.UserTest" assertions="2" time="0.000836"/>
        <testcase name="test_user_display_name" file="/Users/jadebyurei/Desktop/refynd-app/tests/Unit/UserTest.php" line="21" class="Tests\Unit\UserTest" classname="Tests.Unit.UserTest" assertions="2" time="0.000292"/>
        <testcase name="test_user_can_be_created" file="/Users/jadebyurei/Desktop/refynd-app/tests/Unit/UserTest.php" line="10" class="Tests\Unit\UserTest" classname="Tests.Unit.UserTest" assertions="2" time="0.000188"/>
      </testsuite>
    </testsuite>
  </testsuite>
</testsuites>
